
[93mACE v2.1 [0m

  [94minstance[0m
    name:ipykernel_launcher

  Loading variables...

  Loading constraints...

  [94mdomains[0m
    types:1  values:108  sizes:[3:36]
  [94mvariables[0m
    count:36  arrays:1  degrees:[27:4,28:18,29:14]
  [94mconstraints[0m
    count:231  specific:15  groups:2  arities:[4:216,8:8,9:4,18:3]
    distribution:[Cardinality:4,ConstraintIntension:216,LexicographicLE:11]
    intStructures:(1,shared:215)
    wck:0.77  cpu:1.739  mem:37M685

  Building solver... 

  [94msolver[0m
    guaranteedAC:true
    wck:0.84  cpu:1.8  mem:40M305

  [94mpreprocessing[0m
    revisions:(864,useless=864)  values:108  unsat:false
    wck:0.012  cpu:1.817  mem:40M831

[92mv[0m <instantiation id='sol1' type='solution'> <list> x[][] </list> <values> 0 0 0 1 1 1 2 2 2 0 1 2 0 1 2 0 1 2 0 1 2 1 2 0 2 0 1 0 1 2 2 0 1 1 2 0 </values> </instantiation>
[92mv[0m <instantiation id='sol2' type='solution'> <list> x[][] </list> <values> 0 0 0 1 1 1 2 2 2 0 1 2 0 1 2 0 1 2 0 1 2 1 2 0 2 0 1 0 2 1 1 0 2 2 1 0 </values> </instantiation>
[92mv[0m <instantiation id='sol3' type='solution'> <list> x[][] </list> <values> 0 0 0 1 1 1 2 2 2 0 1 2 0 1 2 0 1 2 0 1 2 1 2 0 2 0 1 2 0 1 1 2 0 0 1 2 </values> </instantiation>
[92mv[0m <instantiation id='sol4' type='solution'> <list> x[][] </list> <values> 0 0 0 1 1 1 2 2 2 0 1 2 0 1 2 0 1 2 0 1 2 1 2 0 2 0 1 2 1 0 0 2 1 1 0 2 </values> </instantiation>
[92mv[0m <instantiation id='sol5' type='solution'> <list> x[][] </list> <values> 0 0 0 1 1 1 2 2 2 0 1 2 0 1 2 0 1 2 0 1 2 1 2 0 2 0 1 1 0 2 2 1 0 0 2 1 </values> </instantiation>
[92mv[0m <instantiation id='sol6' type='solution'> <list> x[][] </list> <values> 0 0 0 1 1 1 2 2 2 0 1 2 0 1 2 0 1 2 0 1 2 1 2 0 2 0 1 1 2 0 0 1 2 2 0 1 </values> </instantiation>
[92mv[0m <instantiation id='sol7' type='solution'> <list> x[][] </list> <values> 0 0 0 1 1 1 2 2 2 0 1 2 0 1 2 0 1 2 0 1 2 2 0 1 1 2 0 2 1 0 1 0 2 0 2 1 </values> </instantiation>
[92mv[0m <instantiation id='sol8' type='solution'> <list> x[][] </list> <values> 0 0 0 1 1 1 2 2 2 0 1 2 0 1 2 0 1 2 0 1 2 2 0 1 1 2 0 2 0 1 0 1 2 1 2 0 </values> </instantiation>
[92mv[0m <instantiation id='sol9' type='solution'> <list> x[][] </list> <values> 0 0 0 1 1 1 2 2 2 0 1 2 0 1 2 0 1 2 0 1 2 2 0 1 1 2 0 0 2 1 2 1 0 1 0 2 </values> </instantiation>
[92mv[0m <instantiation id='sol10' type='solution'> <list> x[][] </list> <values> 0 0 0 1 1 1 2 2 2 0 1 2 0 1 2 0 1 2 0 1 2 2 0 1 1 2 0 1 2 0 2 0 1 0 1 2 </values> </instantiation>
[92mv[0m <instantiation id='sol11' type='solution'> <list> x[][] </list> <values> 0 0 0 1 1 1 2 2 2 0 1 2 0 1 2 0 1 2 0 1 2 2 0 1 1 2 0 1 0 2 0 2 1 2 1 0 </values> </instantiation>
[92mv[0m <instantiation id='sol12' type='solution'> <list> x[][] </list> <values> 0 0 0 1 1 1 2 2 2 0 1 2 0 1 2 0 1 2 0 2 1 2 1 0 1 0 2 1 2 0 0 1 2 2 0 1 </values> </instantiation>
[92mv[0m <instantiation id='sol13' type='solution'> <list> x[][] </list> <values> 0 0 0 1 1 1 2 2 2 0 1 2 0 1 2 0 1 2 0 2 1 1 0 2 2 1 0 1 0 2 0 2 1 2 1 0 </values> </instantiation>
[92mv[0m <instantiation id='sol14' type='solution'> <list> x[][] </list> <values> 0 0 0 1 1 1 2 2 2 0 1 2 0 1 2 0 1 2 0 2 1 1 0 2 2 1 0 1 2 0 2 0 1 0 1 2 </values> </instantiation>
[92mv[0m <instantiation id='sol15' type='solution'> <list> x[][] </list> <values> 0 0 0 1 1 1 2 2 2 0 1 2 0 1 2 0 1 2 0 2 1 2 1 0 1 0 2 2 0 1 1 2 0 0 1 2 </values> </instantiation>
[92mv[0m <instantiation id='sol16' type='solution'> <list> x[][] </list> <values> 0 0 0 1 1 1 2 2 2 0 1 2 0 1 2 0 1 2 0 2 1 1 0 2 2 1 0 0 2 1 2 1 0 1 0 2 </values> </instantiation>
[92mv[0m <instantiation id='sol17' type='solution'> <list> x[][] </list> <values> 0 0 0 1 1 1 2 2 2 0 1 2 0 1 2 0 1 2 0 2 1 2 1 0 1 0 2 1 0 2 2 1 0 0 2 1 </values> </instantiation>
[92mv[0m <instantiation id='sol18' type='solution'> <list> x[][] </list> <values> 0 0 0 1 1 1 2 2 2 0 1 2 0 1 2 0 1 2 0 2 1 1 0 2 2 1 0 2 1 0 1 0 2 0 2 1 </values> </instantiation>
[92mv[0m <instantiation id='sol19' type='solution'> <list> x[][] </list> <values> 0 0 0 1 1 1 2 2 2 0 1 2 0 1 2 0 1 2 0 2 1 1 0 2 2 1 0 2 0 1 0 1 2 1 2 0 </values> </instantiation>
[92mv[0m <instantiation id='sol20' type='solution'> <list> x[][] </list> <values> 0 0 0 1 1 1 2 2 2 0 1 2 0 1 2 0 1 2 0 2 1 2 1 0 1 0 2 2 1 0 0 2 1 1 0 2 </values> </instantiation>
[92mv[0m <instantiation id='sol21' type='solution'> <list> x[][] </list> <values> 0 0 0 1 1 1 2 2 2 0 1 2 0 1 2 0 1 2 1 2 0 0 1 2 2 0 1 2 0 1 0 1 2 1 2 0 </values> </instantiation>
[92mv[0m <instantiation id='sol22' type='solution'> <list> x[][] </list> <values> 0 0 0 1 1 1 2 2 2 0 1 2 0 1 2 0 1 2 1 0 2 2 1 0 0 2 1 2 0 1 0 1 2 1 2 0 </values> </instantiation>
[92mv[0m <instantiation id='sol23' type='solution'> <list> x[][] </list> <values> 0 0 0 1 1 1 2 2 2 0 1 2 0 1 2 0 1 2 1 0 2 0 2 1 2 1 0 2 1 0 0 2 1 1 0 2 </values> </instantiation>
[92mv[0m <instantiation id='sol24' type='solution'> <list> x[][] </list> <values> 0 0 0 1 1 1 2 2 2 0 1 2 0 1 2 0 1 2 1 2 0 2 0 1 0 1 2 2 1 0 0 2 1 1 0 2 </values> </instantiation>
[92mv[0m <instantiation id='sol25' type='solution'> <list> x[][] </list> <values> 0 0 0 1 1 1 2 2 2 0 1 2 0 1 2 0 1 2 2 0 1 0 1 2 1 2 0 2 1 0 0 2 1 1 0 2 </values> </instantiation>
[92mv[0m <instantiation id='sol26' type='solution'> <list> x[][] </list> <values> 0 0 0 1 1 1 2 2 2 0 1 2 0 1 2 0 1 2 2 0 1 0 1 2 1 2 0 2 0 1 1 2 0 0 1 2 </values> </instantiation>
[92mv[0m <instantiation id='sol27' type='solution'> <list> x[][] </list> <values> 0 0 0 1 1 1 2 2 2 0 1 2 0 1 2 0 1 2 1 0 2 2 1 0 0 2 1 1 2 0 2 0 1 0 1 2 </values> </instantiation>
[92mv[0m <instantiation id='sol28' type='solution'> <list> x[][] </list> <values> 0 0 0 1 1 1 2 2 2 0 1 2 0 1 2 0 1 2 1 2 0 0 1 2 2 0 1 1 2 0 2 0 1 0 1 2 </values> </instantiation>
[92mv[0m <instantiation id='sol29' type='solution'> <list> x[][] </list> <values> 0 0 0 1 1 1 2 2 2 0 1 2 0 1 2 0 1 2 1 2 0 2 0 1 0 1 2 2 0 1 1 2 0 0 1 2 </values> </instantiation>
[92mv[0m <instantiation id='sol30' type='solution'> <list> x[][] </list> <values> 0 0 0 1 1 1 2 2 2 0 1 2 0 1 2 0 1 2 1 0 2 0 2 1 2 1 0 2 0 1 1 2 0 0 1 2 </values> </instantiation>
[92mv[0m <instantiation id='sol31' type='solution'> <list> x[][] </list> <values> 0 0 0 1 1 1 2 2 2 0 1 2 0 1 2 0 1 2 2 0 1 1 2 0 0 1 2 2 1 0 1 0 2 0 2 1 </values> </instantiation>
[92mv[0m <instantiation id='sol32' type='solution'> <list> x[][] </list> <values> 0 0 0 1 1 1 2 2 2 0 1 2 0 1 2 0 1 2 2 1 0 0 2 1 1 0 2 2 1 0 1 0 2 0 2 1 </values> </instantiation>
[92mv[0m <instantiation id='sol33' type='solution'> <list> x[][] </list> <values> 0 0 0 1 1 1 2 2 2 0 1 2 0 1 2 0 1 2 1 2 0 0 1 2 2 0 1 2 1 0 1 0 2 0 2 1 </values> </instantiation>
[92mv[0m <instantiation id='sol34' type='solution'> <list> x[][] </list> <values> 0 0 0 1 1 1 2 2 2 0 1 2 0 1 2 0 1 2 1 0 2 2 1 0 0 2 1 2 1 0 1 0 2 0 2 1 </values> </instantiation>
[92mv[0m <instantiation id='sol35' type='solution'> <list> x[][] </list> <values> 0 0 0 1 1 1 2 2 2 0 1 2 0 1 2 0 1 2 1 0 2 0 2 1 2 1 0 1 0 2 2 1 0 0 2 1 </values> </instantiation>
[92mv[0m <instantiation id='sol36' type='solution'> <list> x[][] </list> <values> 0 0 0 1 1 1 2 2 2 0 1 2 0 1 2 0 1 2 1 0 2 0 2 1 2 1 0 1 2 0 0 1 2 2 0 1 </values> </instantiation>
    run0  dpts:6..35  effs:744  fails:10  wrgs:25  wck:0.00  ngds:2  sols:36
    run1  dpts:7..14  effs:999  fails:21  wrgs:47  wck:0.16  ngds:3  sols:36
    run2  dpts:0..3  effs:1066  fails:27  wrgs:59  wck:0.18  ngds:3  sols:36

  [94mglobal[0m
    effs:1066  revisions:(45061,useless=44308)  ngds:3
    stop:FULL_EXPLORATION  wrgs:59  sols:36  sol1Cpu:1.83
    wck:1.03  cpu:1.987  mem:42M402


  Solution 36 in JSON format:
   {
    x: [
     [0, 0, 0, 1, 1, 1, 2, 2, 2],
     [0, 1, 2, 0, 1, 2, 0, 1, 2],
     [1, 0, 2, 0, 2, 1, 2, 1, 0],
     [1, 2, 0, 0, 1, 2, 2, 0, 1]
    ]
   }

[92ms SATISFIABLE[0m
[92m
d WRONG DECISIONS[0m 59
[92md FOUND SOLUTIONS[0m 36
[92md COMPLETE EXPLORATION[0m

c real time : 2.02
